mode: set
/data/workspace/go/algorithm/classics/bubble_sort.go:4.38,5.35 1 1
/data/workspace/go/algorithm/classics/bubble_sort.go:12.2,12.15 1 1
/data/workspace/go/algorithm/classics/bubble_sort.go:5.35,6.40 1 1
/data/workspace/go/algorithm/classics/bubble_sort.go:6.40,7.29 1 1
/data/workspace/go/algorithm/classics/bubble_sort.go:7.29,9.5 1 1
/data/workspace/go/algorithm/classics/bubble_sort.go:16.38,17.35 1 0
/data/workspace/go/algorithm/classics/bubble_sort.go:24.2,24.15 1 0
/data/workspace/go/algorithm/classics/bubble_sort.go:17.35,18.40 1 0
/data/workspace/go/algorithm/classics/bubble_sort.go:18.40,19.29 1 0
/data/workspace/go/algorithm/classics/bubble_sort.go:19.29,21.5 1 0
